This is pdfTeX, Version 3.14159265-2.6-1.40.20 (MiKTeX 2.9.7200 64-bit) (preloaded format=pdflatex 2019.10.19)  3 NOV 2020 13:33
entering extended mode
**./solutions.tex
(solutions.tex
LaTeX2e <2019-10-01>
("C:\Program Files\MiKTeX 2.9\tex/latex/base\article.cls"
Document Class: article 2019/08/27 v1.4j Standard LaTeX document class
("C:\Program Files\MiKTeX 2.9\tex/latex/base\size10.clo"
File: size10.clo 2019/08/27 v1.4j Standard LaTeX file (size option)
)
\c@part=\count80
\c@section=\count81
\c@subsection=\count82
\c@subsubsection=\count83
\c@paragraph=\count84
\c@subparagraph=\count85
\c@figure=\count86
\c@table=\count87
\abovecaptionskip=\skip41
\belowcaptionskip=\skip42
\bibindent=\dimen102
)
("C:\Program Files\MiKTeX 2.9\tex/latex/graphics\graphicx.sty"
Package: graphicx 2017/06/01 v1.1a Enhanced LaTeX Graphics (DPC,SPQR)

("C:\Program Files\MiKTeX 2.9\tex/latex/graphics\keyval.sty"
Package: keyval 2014/10/28 v1.15 key=value parser (DPC)
\KV@toks@=\toks14
)
("C:\Program Files\MiKTeX 2.9\tex/latex/graphics\graphics.sty"
Package: graphics 2019/07/20 v1.3b Standard LaTeX Graphics (DPC,SPQR)

("C:\Program Files\MiKTeX 2.9\tex/latex/graphics\trig.sty"
Package: trig 2016/01/03 v1.10 sin cos tan (DPC)
)
("C:\Program Files\MiKTeX 2.9\tex/latex/graphics-cfg\graphics.cfg"
File: graphics.cfg 2016/06/04 v1.11 sample graphics configuration
)
Package graphics Info: Driver file: pdftex.def on input line 105.

("C:\Program Files\MiKTeX 2.9\tex/latex/graphics-def\pdftex.def"
File: pdftex.def 2018/01/08 v1.0l Graphics/color driver for pdftex
))
\Gin@req@height=\dimen103
\Gin@req@width=\dimen104
)
("C:\Program Files\MiKTeX 2.9\tex/latex/amsmath\amsmath.sty"
Package: amsmath 2019/04/01 v2.17c AMS math features
\@mathmargin=\skip43

For additional information on amsmath, use the `?' option.
("C:\Program Files\MiKTeX 2.9\tex/latex/amsmath\amstext.sty"
Package: amstext 2000/06/29 v2.01 AMS text

("C:\Program Files\MiKTeX 2.9\tex/latex/amsmath\amsgen.sty"
File: amsgen.sty 1999/11/30 v2.0 generic functions
\@emptytoks=\toks15
\ex@=\dimen105
))
("C:\Program Files\MiKTeX 2.9\tex/latex/amsmath\amsbsy.sty"
Package: amsbsy 1999/11/29 v1.2d Bold Symbols
\pmbraise@=\dimen106
)
("C:\Program Files\MiKTeX 2.9\tex/latex/amsmath\amsopn.sty"
Package: amsopn 2016/03/08 v2.02 operator names
)
\inf@bad=\count88
LaTeX Info: Redefining \frac on input line 227.
\uproot@=\count89
\leftroot@=\count90
LaTeX Info: Redefining \overline on input line 389.
\classnum@=\count91
\DOTSCASE@=\count92
LaTeX Info: Redefining \ldots on input line 486.
LaTeX Info: Redefining \dots on input line 489.
LaTeX Info: Redefining \cdots on input line 610.
\Mathstrutbox@=\box27
\strutbox@=\box28
\big@size=\dimen107
LaTeX Font Info:    Redeclaring font encoding OML on input line 733.
LaTeX Font Info:    Redeclaring font encoding OMS on input line 734.
\macc@depth=\count93
\c@MaxMatrixCols=\count94
\dotsspace@=\muskip10
\c@parentequation=\count95
\dspbrk@lvl=\count96
\tag@help=\toks16
\row@=\count97
\column@=\count98
\maxfields@=\count99
\andhelp@=\toks17
\eqnshift@=\dimen108
\alignsep@=\dimen109
\tagshift@=\dimen110
\tagwidth@=\dimen111
\totwidth@=\dimen112
\lineht@=\dimen113
\@envbody=\toks18
\multlinegap=\skip44
\multlinetaggap=\skip45
\mathdisplay@stack=\toks19
LaTeX Info: Redefining \[ on input line 2855.
LaTeX Info: Redefining \] on input line 2856.
)
("C:\Program Files\MiKTeX 2.9\tex/latex/hyperref\hyperref.sty"
Package: hyperref 2019/09/28 v7.00a Hypertext links for LaTeX

("C:\Program Files\MiKTeX 2.9\tex/generic/oberdiek\hobsub-hyperref.sty"
Package: hobsub-hyperref 2016/05/16 v1.14 Bundle oberdiek, subset hyperref (HO)


("C:\Program Files\MiKTeX 2.9\tex/generic/oberdiek\hobsub-generic.sty"
Package: hobsub-generic 2016/05/16 v1.14 Bundle oberdiek, subset generic (HO)
Package: hobsub 2016/05/16 v1.14 Construct package bundles (HO)
Package: infwarerr 2016/05/16 v1.4 Providing info/warning/error messages (HO)
Package: ltxcmds 2016/05/16 v1.23 LaTeX kernel commands for general use (HO)
Package: ifluatex 2016/05/16 v1.4 Provides the ifluatex switch (HO)
Package ifluatex Info: LuaTeX not detected.
Package: ifvtex 2016/05/16 v1.6 Detect VTeX and its facilities (HO)
Package ifvtex Info: VTeX not detected.
Package: intcalc 2016/05/16 v1.2 Expandable calculations with integers (HO)
Package: ifpdf 2018/09/07 v3.3 Provides the ifpdf switch
Package: etexcmds 2016/05/16 v1.6 Avoid name clashes with e-TeX commands (HO)
Package: kvsetkeys 2016/05/16 v1.17 Key value parser (HO)
Package: kvdefinekeys 2016/05/16 v1.4 Define keys (HO)
Package: pdftexcmds 2019/07/25 v0.30 Utility functions of pdfTeX for LuaTeX (HO
)
Package pdftexcmds Info: LuaTeX not detected.
Package pdftexcmds Info: \pdf@primitive is available.
Package pdftexcmds Info: \pdf@ifprimitive is available.
Package pdftexcmds Info: \pdfdraftmode found.
Package: pdfescape 2016/05/16 v1.14 Implements pdfTeX's escape features (HO)
Package: bigintcalc 2016/05/16 v1.4 Expandable calculations on big integers (HO
)
Package: bitset 2016/05/16 v1.2 Handle bit-vector datatype (HO)
Package: uniquecounter 2016/05/16 v1.3 Provide unlimited unique counter (HO)
)
Package hobsub Info: Skipping package `hobsub' (already loaded).
Package: letltxmacro 2016/05/16 v1.5 Let assignment for LaTeX macros (HO)
Package: hopatch 2016/05/16 v1.3 Wrapper for package hooks (HO)
Package: xcolor-patch 2016/05/16 xcolor patch
Package: atveryend 2016/05/16 v1.9 Hooks at the very end of document (HO)
Package atveryend Info: \enddocument detected (standard20110627).
Package: atbegshi 2016/06/09 v1.18 At begin shipout hook (HO)
Package: refcount 2016/05/16 v3.5 Data extraction from label references (HO)
Package: hycolor 2016/05/16 v1.8 Color options for hyperref/bookmark (HO)
)
("C:\Program Files\MiKTeX 2.9\tex/generic/ifxetex\ifxetex.sty"
Package: ifxetex 2010/09/12 v0.6 Provides ifxetex conditional
)
("C:\Program Files\MiKTeX 2.9\tex/latex/oberdiek\auxhook.sty"
Package: auxhook 2016/05/16 v1.4 Hooks for auxiliary files (HO)
)
("C:\Program Files\MiKTeX 2.9\tex/latex/oberdiek\kvoptions.sty"
Package: kvoptions 2016/05/16 v3.12 Key value format for package options (HO)
)
\@linkdim=\dimen114
\Hy@linkcounter=\count100
\Hy@pagecounter=\count101

("C:\Program Files\MiKTeX 2.9\tex/latex/hyperref\pd1enc.def"
File: pd1enc.def 2019/09/28 v7.00a Hyperref: PDFDocEncoding definition (HO)
Now handling font encoding PD1 ...
... no UTF-8 mapping file for font encoding PD1
)
\Hy@SavedSpaceFactor=\count102

("C:\Program Files\MiKTeX 2.9\tex/latex/00miktex\hyperref.cfg"
File: hyperref.cfg 2002/06/06 v1.2 hyperref configuration of TeXLive
)
Package hyperref Info: Hyper figures OFF on input line 4540.
Package hyperref Info: Link nesting OFF on input line 4545.
Package hyperref Info: Hyper index ON on input line 4548.
Package hyperref Info: Plain pages OFF on input line 4555.
Package hyperref Info: Backreferencing OFF on input line 4560.
Package hyperref Info: Implicit mode ON; LaTeX internals redefined.
Package hyperref Info: Bookmarks ON on input line 4793.
\c@Hy@tempcnt=\count103

(C:\Users\Andrei\AppData\Roaming\MiKTeX\2.9\tex/latex/url\url.sty
\Urlmuskip=\muskip11
Package: url 2013/09/16  ver 3.4  Verb mode for urls, etc.
)
LaTeX Info: Redefining \url on input line 5152.
\XeTeXLinkMargin=\dimen115
\Fld@menulength=\count104
\Field@Width=\dimen116
\Fld@charsize=\dimen117
Package hyperref Info: Hyper figures OFF on input line 6423.
Package hyperref Info: Link nesting OFF on input line 6428.
Package hyperref Info: Hyper index ON on input line 6431.
Package hyperref Info: backreferencing OFF on input line 6438.
Package hyperref Info: Link coloring OFF on input line 6443.
Package hyperref Info: Link coloring with OCG OFF on input line 6448.
Package hyperref Info: PDF/A mode OFF on input line 6453.
LaTeX Info: Redefining \ref on input line 6493.
LaTeX Info: Redefining \pageref on input line 6497.
\Hy@abspage=\count105
\c@Item=\count106
\c@Hfootnote=\count107
)
Package hyperref Info: Driver (autodetected): hpdftex.

("C:\Program Files\MiKTeX 2.9\tex/latex/hyperref\hpdftex.def"
File: hpdftex.def 2019/09/28 v7.00a Hyperref driver for pdfTeX
\Fld@listcount=\count108
\c@bookmark@seq@number=\count109

("C:\Program Files\MiKTeX 2.9\tex/latex/oberdiek\rerunfilecheck.sty"
Package: rerunfilecheck 2016/05/16 v1.8 Rerun checks for auxiliary files (HO)
Package uniquecounter Info: New unique counter `rerunfilecheck' on input line 2
82.
)
\Hy@SectionHShift=\skip46
)
("C:\Program Files\MiKTeX 2.9\tex/latex/float\float.sty"
Package: float 2001/11/08 v1.3d Float enhancements (AL)
\c@float@type=\count110
\float@exts=\toks20
\float@box=\box29
\@float@everytoks=\toks21
\@floatcapt=\box30
)
(C:\Users\Andrei\AppData\Roaming\MiKTeX\2.9\tex/latex/xcolor\xcolor.sty
Package: xcolor 2016/05/11 v2.12 LaTeX color extensions (UK)

("C:\Program Files\MiKTeX 2.9\tex/latex/graphics-cfg\color.cfg"
File: color.cfg 2016/01/02 v1.6 sample color configuration
)
Package xcolor Info: Driver file: pdftex.def on input line 225.
Package xcolor Info: Model `cmy' substituted by `cmy0' on input line 1348.
Package xcolor Info: Model `hsb' substituted by `rgb' on input line 1352.
Package xcolor Info: Model `RGB' extended on input line 1364.
Package xcolor Info: Model `HTML' substituted by `rgb' on input line 1366.
Package xcolor Info: Model `Hsb' substituted by `hsb' on input line 1367.
Package xcolor Info: Model `tHsb' substituted by `hsb' on input line 1368.
Package xcolor Info: Model `HSB' substituted by `hsb' on input line 1369.
Package xcolor Info: Model `Gray' substituted by `gray' on input line 1370.
Package xcolor Info: Model `wave' substituted by `hsb' on input line 1371.
)
(solutions.aux)
\openout1 = `solutions.aux'.

LaTeX Font Info:    Checking defaults for OML/cmm/m/it on input line 8.
LaTeX Font Info:    ... okay on input line 8.
LaTeX Font Info:    Checking defaults for T1/cmr/m/n on input line 8.
LaTeX Font Info:    ... okay on input line 8.
LaTeX Font Info:    Checking defaults for OT1/cmr/m/n on input line 8.
LaTeX Font Info:    ... okay on input line 8.
LaTeX Font Info:    Checking defaults for OMS/cmsy/m/n on input line 8.
LaTeX Font Info:    ... okay on input line 8.
LaTeX Font Info:    Checking defaults for OMX/cmex/m/n on input line 8.
LaTeX Font Info:    ... okay on input line 8.
LaTeX Font Info:    Checking defaults for U/cmr/m/n on input line 8.
LaTeX Font Info:    ... okay on input line 8.
LaTeX Font Info:    Checking defaults for PD1/pdf/m/n on input line 8.
LaTeX Font Info:    ... okay on input line 8.

(C:\Users\Andrei\AppData\Roaming\MiKTeX\2.9\tex/context/base/mkii\supp-pdf.mkii
[Loading MPS to PDF converter (version 2006.09.02).]
\scratchcounter=\count111
\scratchdimen=\dimen118
\scratchbox=\box31
\nofMPsegments=\count112
\nofMParguments=\count113
\everyMPshowfont=\toks22
\MPscratchCnt=\count114
\MPscratchDim=\dimen119
\MPnumerator=\count115
\makeMPintoPDFobject=\count116
\everyMPtoPDFconversion=\toks23
) ("C:\Program Files\MiKTeX 2.9\tex/latex/oberdiek\epstopdf-base.sty"
Package: epstopdf-base 2016/05/15 v2.6 Base part for package epstopdf

("C:\Program Files\MiKTeX 2.9\tex/latex/oberdiek\grfext.sty"
Package: grfext 2016/05/16 v1.2 Manage graphics extensions (HO)
)
Package epstopdf-base Info: Redefining graphics rule for `.eps' on input line 4
38.
Package grfext Info: Graphics extension search list:
(grfext)             [.pdf,.png,.jpg,.mps,.jpeg,.jbig2,.jb2,.PDF,.PNG,.JPG,.JPE
G,.JBIG2,.JB2,.eps]
(grfext)             \AppendGraphicsExtensions on input line 456.
)
\AtBeginShipoutBox=\box32
Package hyperref Info: Link coloring OFF on input line 8.

("C:\Program Files\MiKTeX 2.9\tex/latex/hyperref\nameref.sty"
Package: nameref 2019/09/16 v2.46 Cross-referencing by name of section

("C:\Program Files\MiKTeX 2.9\tex/generic/oberdiek\gettitlestring.sty"
Package: gettitlestring 2016/05/16 v1.5 Cleanup title references (HO)
)
\c@section@level=\count117
)
LaTeX Info: Redefining \ref on input line 8.
LaTeX Info: Redefining \pageref on input line 8.
LaTeX Info: Redefining \nameref on input line 8.

(solutions.out) (solutions.out)
\@outlinefile=\write3
\openout3 = `solutions.out'.


Overfull \hbox (36.05975pt too wide) in paragraph at lines 13--13
 \OT1/cmr/m/n/17.28 https://web.stanford.edu/class/ee364a/homework.html 
 []


Underfull \hbox (badness 10000) in paragraph at lines 24--27

 []

[1

{C:/Users/Andrei/AppData/Local/MiKTeX/2.9/pdftex/config/pdftex.map}]
Underfull \hbox (badness 10000) in paragraph at lines 63--64

 []


Underfull \hbox (badness 10000) in paragraph at lines 78--80

 []


Underfull \hbox (badness 10000) in paragraph at lines 81--88

 []


Underfull \hbox (badness 10000) in paragraph at lines 90--93

 []


Underfull \hbox (badness 10000) in paragraph at lines 94--95

 []


Underfull \hbox (badness 10000) in paragraph at lines 96--97

 []

[2]
Overfull \hbox (101.24611pt too wide) in paragraph at lines 347--347
[]\OT1/cmtt/m/n/10 # https://docs.scipy.org/doc/scipy/reference/generated/scipy
.optimize.check_grad.html[] 
 []

[3]
Overfull \hbox (311.24428pt too wide) in paragraph at lines 347--347
[]\OT1/cmtt/m/n/10 https://stackoverflow.com/questions/52204231/implementing-ba
cktracking-line-search-algorithm-for-unconstrained-optimization-p[] 
 []

[4]
Overfull \hbox (32.9967pt too wide) in paragraph at lines 347--347
[]\OT1/cmtt/m/n/10 grad_err = check_grad(lambda x: f(x, a), lambda x: gradf(x, 
a), x_check)[] 
 []

[5] [6]
Overfull \hbox (43.49661pt too wide) in paragraph at lines 347--347
[]\OT1/cmtt/m/n/10 plt.title('logarithm of the objective function error vs iter
ation number')[] 
 []

[7]
<9_30_a_obj_func.png, id=47, 418.4433pt x 327.3831pt>
File: 9_30_a_obj_func.png Graphic file (type png)
<use 9_30_a_obj_func.png>
Package pdftex.def Info: 9_30_a_obj_func.png  used on input line 350.
(pdftex.def)             Requested size: 345.0pt x 269.92453pt.
<9_30_a_step.png, id=49, 409.7709pt x 327.3831pt>
File: 9_30_a_step.png Graphic file (type png)
<use 9_30_a_step.png>
Package pdftex.def Info: 9_30_a_step.png  used on input line 355.
(pdftex.def)             Requested size: 345.0pt x 275.64433pt.
 [8pdfTeX warning (ext4): destination with the same identifier (name{figure.1})
 has been already used, duplicate ignored

\AtBegShi@Output ...ipout \box \AtBeginShipoutBox 
                                                  \fi \fi 
l.358 
       <./9_30_a_obj_func.png>]
Underfull \hbox (badness 10000) in paragraph at lines 359--360

 []


Overfull \hbox (101.24611pt too wide) in paragraph at lines 672--672
[]\OT1/cmtt/m/n/10 # https://docs.scipy.org/doc/scipy/reference/generated/scipy
.optimize.check_grad.html[] 
 []


Overfull \hbox (311.24428pt too wide) in paragraph at lines 672--672
[]\OT1/cmtt/m/n/10 https://stackoverflow.com/questions/52204231/implementing-ba
cktracking-line-search-algorithm-for-unconstrained-optimization-p[] 
 []

[9pdfTeX warning (ext4): destination with the same identifier (name{figure.2}) 
has been already used, duplicate ignored

\AtBegShi@Output ...ipout \box \AtBeginShipoutBox 
                                                  \fi \fi 
l.672 \end{verbatim}
                    	 <./9_30_a_step.png>]
Overfull \hbox (311.24428pt too wide) in paragraph at lines 672--672
[]\OT1/cmtt/m/n/10 https://stackoverflow.com/questions/52204231/implementing-ba
cktracking-line-search-algorithm-for-unconstrained-optimization-p[] 
 []


Overfull \hbox (179.99542pt too wide) in paragraph at lines 672--672
[]\OT1/cmtt/m/n/10 #  fxx = f(x, a) + alpha * t * np.dot(gh, gh.T) #  the same 
as f(x, a) + alpha * t * np.sum(gh ** 2)[] 
 []

[10] [11]
Overfull \hbox (80.24629pt too wide) in paragraph at lines 672--672
[]\OT1/cmtt/m/n/10 assert x.shape[1] == 1, 'hessian_numerical: input array shou
ld have shape [N, 1]'[] 
 []


Overfull \hbox (32.9967pt too wide) in paragraph at lines 672--672
[]\OT1/cmtt/m/n/10 def check_hessian(f, hess_analytical, x0, delta = 1e-5, verb
ose = True):[] 
 []

[12]
Overfull \hbox (32.9967pt too wide) in paragraph at lines 672--672
[]\OT1/cmtt/m/n/10 #  a = np.array([[-1, 0], [0.5, - 0.5], [0.5, 0]], dtype = n
p.float64).T[] 
 []

[13]
Overfull \hbox (43.49661pt too wide) in paragraph at lines 672--672
[]\OT1/cmtt/m/n/10 assert z.shape[0] == 2 and z.shape[1] == 1, 'fh(x): incorrec
t input shape'[] 
 []

[14]
Overfull \hbox (59.24648pt too wide) in paragraph at lines 672--672
[]\OT1/cmtt/m/n/10 return x**2 + 0.5 * y**2 + 2 * x * y + 3 * x + 4 * x**2 * y*
*2 + 5 * y * x**2[] 
 []


Overfull \hbox (85.49625pt too wide) in paragraph at lines 672--672
[]\OT1/cmtt/m/n/10 assert z.shape[0] == 2 and z.shape[1] == 1, 'fh_hessian(x): 
incorrect input shape'[] 
 []


Overfull \hbox (38.24666pt too wide) in paragraph at lines 672--672
[]\OT1/cmtt/m/n/10 hd = check_hessian(fh, hess_analytical, x0, delta = 1e-5, ve
rbose = True)[] 
 []

[15]
Overfull \hbox (48.74657pt too wide) in paragraph at lines 672--672
[]\OT1/cmtt/m/n/10 ihess = np.array([[ 0.31264018, -0.13959122],  [-0.13959122,
  0.28763308]])[] 
 []

[16] [17] [18]
Overfull \hbox (43.49661pt too wide) in paragraph at lines 846--846
[]\OT1/cmtt/m/n/10 plt.title('logarithm of the objective function error vs iter
ation number')[] 
 []

[19]
<9_30_b_obj_func.png, id=104, 418.4433pt x 327.3831pt>
File: 9_30_b_obj_func.png Graphic file (type png)
<use 9_30_b_obj_func.png>
Package pdftex.def Info: 9_30_b_obj_func.png  used on input line 849.
(pdftex.def)             Requested size: 345.0pt x 269.92453pt.
<9_30_b_step.png, id=105, 416.2752pt x 327.3831pt>
File: 9_30_b_step.png Graphic file (type png)
<use 9_30_b_step.png>
Package pdftex.def Info: 9_30_b_step.png  used on input line 854.
(pdftex.def)             Requested size: 345.0pt x 271.34325pt.
 [20pdfTeX warning (ext4): destination with the same identifier (name{figure.3}
) has been already used, duplicate ignored

\AtBegShi@Output ...ipout \box \AtBeginShipoutBox 
                                                  \fi \fi 
l.857 
       <./9_30_b_obj_func.png>]
Underfull \hbox (badness 10000) in paragraph at lines 875--878

 []

[21pdfTeX warning (ext4): destination with the same identifier (name{figure.4})
 has been already used, duplicate ignored

\AtBegShi@Output ...ipout \box \AtBeginShipoutBox 
                                                  \fi \fi 
l.878 
       <./9_30_b_step.png>] [22]
Overfull \hbox (22.4968pt too wide) in paragraph at lines 1063--1063
[]\OT1/cmtt/m/n/10 We need to evaluate and factor the Hessian once every N step
s; for the[] 
 []


Overfull \hbox (74.99634pt too wide) in paragraph at lines 1063--1063
[]\OT1/cmtt/m/n/10 other steps, we compute the search direction using back and 
forward substitution[] 
 []

[23]
Overfull \hbox (22.4968pt too wide) in paragraph at lines 1063--1063
[]\OT1/cmtt/m/n/10 We need to evaluate and factor the Hessian once every N step
s; for the[] 
 []


Overfull \hbox (74.99634pt too wide) in paragraph at lines 1063--1063
[]\OT1/cmtt/m/n/10 other steps, we compute the search direction using back and 
forward substitution[] 
 []

[24]
Overfull \hbox (43.49661pt too wide) in paragraph at lines 1063--1063
[]\OT1/cmtt/m/n/10 plt.title('logarithm of the objective function error vs iter
ation number')[] 
 []

<9_31_a_obj_func.png, id=132, 418.4433pt x 327.3831pt>
File: 9_31_a_obj_func.png Graphic file (type png)
<use 9_31_a_obj_func.png>
Package pdftex.def Info: 9_31_a_obj_func.png  used on input line 1067.
(pdftex.def)             Requested size: 345.0pt x 269.92453pt.
[25]
<9_31_a_step.png, id=138, 416.2752pt x 327.3831pt>
File: 9_31_a_step.png Graphic file (type png)
<use 9_31_a_step.png>
Package pdftex.def Info: 9_31_a_step.png  used on input line 1072.
(pdftex.def)             Requested size: 345.0pt x 271.34325pt.
 [26pdfTeX warning (ext4): destination with the same identifier (name{figure.5}
) has been already used, duplicate ignored

\AtBegShi@Output ...ipout \box \AtBeginShipoutBox 
                                                  \fi \fi 
l.1075 
        <./9_31_a_obj_func.png>] [27pdfTeX warning (ext4): destination with the
 same identifier (name{figure.6}) has been already used, duplicate ignored

\AtBegShi@Output ...ipout \box \AtBeginShipoutBox 
                                                  \fi \fi 
l.1244 \end{verbatim}
                     	 <./9_31_a_step.png>] [28] [29]
Overfull \hbox (43.49661pt too wide) in paragraph at lines 1244--1244
[]\OT1/cmtt/m/n/10 plt.title('logarithm of the objective function error vs iter
ation number')[] 
 []

[30]
<9_31_b_obj_func.png, id=163, 418.4433pt x 327.3831pt>
File: 9_31_b_obj_func.png Graphic file (type png)
<use 9_31_b_obj_func.png>
Package pdftex.def Info: 9_31_b_obj_func.png  used on input line 1247.
(pdftex.def)             Requested size: 345.0pt x 269.92453pt.
<9_31_b_step.png, id=164, 409.7709pt x 327.3831pt>
File: 9_31_b_step.png Graphic file (type png)
<use 9_31_b_step.png>
Package pdftex.def Info: 9_31_b_step.png  used on input line 1252.
(pdftex.def)             Requested size: 345.0pt x 275.64433pt.
 [31pdfTeX warning (ext4): destination with the same identifier (name{figure.7}
) has been already used, duplicate ignored

\AtBegShi@Output ...ipout \box \AtBeginShipoutBox 
                                                  \fi \fi 
l.1255 
        <./9_31_b_obj_func.png>] [32pdfTeX warning (ext4): destination with the
 same identifier (name{figure.8}) has been already used, duplicate ignored

\AtBegShi@Output ...ipout \box \AtBeginShipoutBox 
                                                  \fi \fi 
l.1283 \end{align*}
                    <./9_31_b_step.png>]
Overfull \hbox (33.44427pt too wide) in paragraph at lines 1299--1303
[]\OT1/cmr/m/n/10 Solve the spe-cific in-stance of the 3-way sep-a-ra-tion prob
-lem given in [][]\OT1/cmtt/m/n/10 sep3way_data.m[]\OT1/cmr/m/n/10 ,
 []

[33]
Underfull \hbox (badness 10000) in paragraph at lines 1334--1336

 []

[34]
Overfull \hbox (43.49661pt too wide) in paragraph at lines 1410--1410
[]\OT1/cmtt/m/n/10 t(idx1),line1(idx1), 'k',t(idx2),line2(idx2),'k',t(idx3),lin
e3(idx3),'k');[] 
 []

<additional_1_fig_1.png, id=189, 421.575pt x 316.0608pt>
File: additional_1_fig_1.png Graphic file (type png)
<use additional_1_fig_1.png>
Package pdftex.def Info: additional_1_fig_1.png  used on input line 1414.
(pdftex.def)             Requested size: 345.0pt x 258.6555pt.
[35]
Overfull \hbox (2.96115pt too wide) in paragraph at lines 1419--1419
[][]\OT1/cmr/bx/n/12 2. Ef-fi-cient nu-mer-i-cal method for a reg-u-lar-ized le
ast-squares
 []

Package atveryend Info: Empty hook `BeforeClearDocument' on input line 1422.
[36pdfTeX warning (ext4): destination with the same identifier (name{figure.9})
 has been already used, duplicate ignored

\AtBegShi@Output ...ipout \box \AtBeginShipoutBox 
                                                  \fi \fi 
l.1422 \end{document}
                      <./additional_1_fig_1.png (PNG copy)>]
Package atveryend Info: Empty hook `AfterLastShipout' on input line 1422.
 (solutions.aux)
Package atveryend Info: Executing hook `AtVeryEndDocument' on input line 1422.
Package atveryend Info: Executing hook `AtEndAfterFileList' on input line 1422.

Package rerunfilecheck Info: File `solutions.out' has not changed.
(rerunfilecheck)             Checksum: D41D8CD98F00B204E9800998ECF8427E;0.
Package atveryend Info: Empty hook `AtVeryVeryEnd' on input line 1422.
 ) 
Here is how much of TeX's memory you used:
 6261 strings out of 492452
 89256 string characters out of 3129804
 194094 words of memory out of 3000000
 10520 multiletter control sequences out of 15000+200000
 9810 words of font info for 36 fonts, out of 3000000 for 9000
 1141 hyphenation exceptions out of 8191
 31i,10n,37p,349b,438s stack positions out of 5000i,500n,10000p,200000b,50000s
<C:/Program Files/MiKTeX 2.9/fonts/type1/public/amsfonts/cm/cmbx10.pfb><C:/Pr
ogram Files/MiKTeX 2.9/fonts/type1/public/amsfonts/cm/cmbx12.pfb><C:/Program Fi
les/MiKTeX 2.9/fonts/type1/public/amsfonts/cm/cmex10.pfb><C:/Program Files/MiKT
eX 2.9/fonts/type1/public/amsfonts/cm/cmmi10.pfb><C:/Program Files/MiKTeX 2.9/f
onts/type1/public/amsfonts/cm/cmmi5.pfb><C:/Program Files/MiKTeX 2.9/fonts/type
1/public/amsfonts/cm/cmmi7.pfb><C:/Program Files/MiKTeX 2.9/fonts/type1/public/
amsfonts/cm/cmr10.pfb><C:/Program Files/MiKTeX 2.9/fonts/type1/public/amsfonts/
cm/cmr12.pfb><C:/Program Files/MiKTeX 2.9/fonts/type1/public/amsfonts/cm/cmr17.
pfb><C:/Program Files/MiKTeX 2.9/fonts/type1/public/amsfonts/cm/cmr5.pfb><C:/Pr
ogram Files/MiKTeX 2.9/fonts/type1/public/amsfonts/cm/cmr7.pfb><C:/Program File
s/MiKTeX 2.9/fonts/type1/public/amsfonts/cm/cmsy10.pfb><C:/Program Files/MiKTeX
 2.9/fonts/type1/public/amsfonts/cm/cmsy7.pfb><C:/Program Files/MiKTeX 2.9/font
s/type1/public/amsfonts/cm/cmtt10.pfb>
Output written on solutions.pdf (36 pages, 572768 bytes).
PDF statistics:
 257 PDF objects out of 1000 (max. 8388607)
 52 named destinations out of 1000 (max. 500000)
 46 words of extra memory for PDF output out of 10000 (max. 10000000)

